<?xml version="1.0" encoding="UTF-8"?>
<testsuite xmlns:xsi="http://www.w3.org/2001/XMLSchema-instance" xsi:noNamespaceSchemaLocation="https://maven.apache.org/surefire/maven-surefire-plugin/xsd/surefire-test-report-3.0.xsd" version="3.0" name="com.ajeet.docManagement.DocManagementApplicationTests" time="16.436" tests="1" errors="0" skipped="0" failures="0">
  <properties>
[...]
</properties>
  <testcase name="contextLoads" classname="com.ajeet.docManagement.DocManagementApplicationTests" time="0.937">
    <system-out><![CDATA[02:31:55.315 [main] INFO org.springframework.test.context.support.AnnotationConfigContextLoaderUtils -- Could not detect default configuration classes for test class [com.ajeet.docManagement.DocManagementApplicationTests]: DocManagementApplicationTests does not declare any static, non-private, non-final, nested classes annotated with @Configuration.
02:31:55.464 [main] INFO org.springframework.boot.test.context.SpringBootTestContextBootstrapper -- Found @SpringBootConfiguration com.ajeet.docManagement.DocManagementApplication for test class com.ajeet.docManagement.DocManagementApplicationTests
02:31:55.679 [main] INFO org.springframework.boot.devtools.restart.RestartApplicationListener -- Restart disabled due to context in which it is running

  .   ____          _            __ _ _
 /\\ / ___'_ __ _ _(_)_ __  __ _ \ \ \ \
( ( )\___ | '_ | '_| | '_ \/ _` | \ \ \ \
 \\/  ___)| |_)| | | | | || (_| |  ) ) ) )
  '  |____| .__|_| |_|_| |_\__, | / / / /
 =========|_|==============|___/=/_/_/_/

 :: Spring Boot ::                (v3.3.5)

2025-05-17T02:31:56.252+05:30  INFO 28300 --- [USERSERVICE] [           main] c.a.d.DocManagementApplicationTests      : Starting DocManagementApplicationTests using Java 17.0.10 with PID 28300 (started by ajeet-kumar in D:\MySpace\userservice\userservice)
2025-05-17T02:31:56.256+05:30  INFO 28300 --- [USERSERVICE] [           main] c.a.d.DocManagementApplicationTests      : No active profile set, falling back to 1 default profile: "default"
2025-05-17T02:31:57.691+05:30  INFO 28300 --- [USERSERVICE] [           main] .s.d.r.c.RepositoryConfigurationDelegate : Bootstrapping Spring Data JPA repositories in DEFAULT mode.
2025-05-17T02:31:58.047+05:30  INFO 28300 --- [USERSERVICE] [           main] .s.d.r.c.RepositoryConfigurationDelegate : Finished Spring Data repository scanning in 341 ms. Found 2 JPA repository interfaces.
2025-05-17T02:31:58.832+05:30  INFO 28300 --- [USERSERVICE] [           main] o.s.cloud.context.scope.GenericScope     : BeanFactory id=f5a8ab97-f3b3-3a51-be74-fb5e8dc8639a
2025-05-17T02:31:59.293+05:30  WARN 28300 --- [USERSERVICE] [           main] trationDelegate$BeanPostProcessorChecker : Bean 'org.springframework.cloud.client.loadbalancer.LoadBalancerAutoConfiguration$DeferringLoadBalancerInterceptorConfig' of type [org.springframework.cloud.client.loadbalancer.LoadBalancerAutoConfiguration$DeferringLoadBalancerInterceptorConfig] is not eligible for getting processed by all BeanPostProcessors (for example: not eligible for auto-proxying). The currently created BeanPostProcessor [lbRestClientPostProcessor] is declared through a non-static factory method on that class; consider declaring it as static instead.
2025-05-17T02:31:59.300+05:30  WARN 28300 --- [USERSERVICE] [           main] trationDelegate$BeanPostProcessorChecker : Bean 'deferringLoadBalancerInterceptor' of type [org.springframework.cloud.client.loadbalancer.DeferringLoadBalancerInterceptor] is not eligible for getting processed by all BeanPostProcessors (for example: not eligible for auto-proxying). Is this bean getting eagerly injected/applied to a currently created BeanPostProcessor [lbRestClientPostProcessor]? Check the corresponding BeanPostProcessor declaration and its dependencies/advisors. If this bean does not have to be post-processed, declare it with ROLE_INFRASTRUCTURE.
2025-05-17T02:31:59.719+05:30  INFO 28300 --- [USERSERVICE] [           main] o.hibernate.jpa.internal.util.LogHelper  : HHH000204: Processing PersistenceUnitInfo [name: default]
2025-05-17T02:31:59.870+05:30  INFO 28300 --- [USERSERVICE] [           main] org.hibernate.Version                    : HHH000412: Hibernate ORM core version 6.5.3.Final
2025-05-17T02:31:59.973+05:30  INFO 28300 --- [USERSERVICE] [           main] o.h.c.internal.RegionFactoryInitiator    : HHH000026: Second-level cache disabled
2025-05-17T02:32:00.825+05:30  INFO 28300 --- [USERSERVICE] [           main] o.s.o.j.p.SpringPersistenceUnitInfo      : No LoadTimeWeaver setup: ignoring JPA class transformer
2025-05-17T02:32:00.909+05:30  WARN 28300 --- [USERSERVICE] [           main] com.zaxxer.hikari.HikariConfig           : HikariPool-1 - idleTimeout has been set but has no effect because the pool is operating as a fixed size pool.
2025-05-17T02:32:00.910+05:30  INFO 28300 --- [USERSERVICE] [           main] com.zaxxer.hikari.HikariDataSource       : HikariPool-1 - Starting...
2025-05-17T02:32:02.748+05:30  INFO 28300 --- [USERSERVICE] [           main] com.zaxxer.hikari.pool.HikariPool        : HikariPool-1 - Added connection org.postgresql.jdbc.PgConnection@72e36677
2025-05-17T02:32:02.750+05:30  INFO 28300 --- [USERSERVICE] [           main] com.zaxxer.hikari.HikariDataSource       : HikariPool-1 - Start completed.
2025-05-17T02:32:04.846+05:30  INFO 28300 --- [USERSERVICE] [           main] o.h.e.t.j.p.i.JtaPlatformInitiator       : HHH000489: No JTA platform available (set 'hibernate.transaction.jta.platform' to enable JTA platform integration)
2025-05-17T02:32:05.619+05:30  INFO 28300 --- [USERSERVICE] [           main] j.LocalContainerEntityManagerFactoryBean : Initialized JPA EntityManagerFactory for persistence unit 'default'
2025-05-17T02:32:06.041+05:30  INFO 28300 --- [USERSERVICE] [           main] o.s.d.j.r.query.QueryEnhancerFactory     : Hibernate is in classpath; If applicable, HQL parser will be used.
passwordEncoder2025-05-17T02:32:06.746+05:30  WARN 28300 --- [USERSERVICE] [           main] JpaBaseConfiguration$JpaWebConfiguration : spring.jpa.open-in-view is enabled by default. Therefore, database queries may be performed during view rendering. Explicitly configure spring.jpa.open-in-view to disable this warning
2025-05-17T02:32:06.863+05:30  WARN 28300 --- [USERSERVICE] [           main] r$InitializeUserDetailsManagerConfigurer : Found 3 UserDetailsService beans, with names [customUserDetailsService, userDetailService, userdetailsService]. Global Authentication Manager will not use a UserDetailsService for username/password login. Consider publishing a single UserDetailsService bean.
inside security filter
2025-05-17T02:32:09.593+05:30  INFO 28300 --- [USERSERVICE] [           main] DiscoveryClientOptionalArgsConfiguration : Eureka HTTP Client uses RestTemplate.
2025-05-17T02:32:09.710+05:30  WARN 28300 --- [USERSERVICE] [           main] iguration$LoadBalancerCaffeineWarnLogger : Spring Cloud LoadBalancer is currently working with the default cache. While this cache implementation is useful for development and tests, it's recommended to use Caffeine cache in production.You can switch to using Caffeine cache, by adding it and org.springframework.cache.caffeine.CaffeineCacheManager to the classpath.
2025-05-17T02:32:09.845+05:30  INFO 28300 --- [USERSERVICE] [           main] o.s.c.n.eureka.InstanceInfoFactory       : Setting initial instance status as: STARTING
2025-05-17T02:32:09.893+05:30  INFO 28300 --- [USERSERVICE] [           main] com.netflix.discovery.DiscoveryClient    : Initializing Eureka in region us-east-1
2025-05-17T02:32:09.909+05:30  INFO 28300 --- [USERSERVICE] [           main] c.n.d.s.r.aws.ConfigClusterResolver      : Resolving eureka endpoints via configuration
2025-05-17T02:32:09.937+05:30  INFO 28300 --- [USERSERVICE] [           main] com.netflix.discovery.DiscoveryClient    : Disable delta property : false
2025-05-17T02:32:09.937+05:30  INFO 28300 --- [USERSERVICE] [           main] com.netflix.discovery.DiscoveryClient    : Single vip registry refresh property : null
2025-05-17T02:32:09.938+05:30  INFO 28300 --- [USERSERVICE] [           main] com.netflix.discovery.DiscoveryClient    : Force full registry fetch : false
2025-05-17T02:32:09.938+05:30  INFO 28300 --- [USERSERVICE] [           main] com.netflix.discovery.DiscoveryClient    : Application is null : false
2025-05-17T02:32:09.938+05:30  INFO 28300 --- [USERSERVICE] [           main] com.netflix.discovery.DiscoveryClient    : Registered Applications size is zero : true
2025-05-17T02:32:09.938+05:30  INFO 28300 --- [USERSERVICE] [           main] com.netflix.discovery.DiscoveryClient    : Application version is -1: true
2025-05-17T02:32:09.938+05:30  INFO 28300 --- [USERSERVICE] [           main] com.netflix.discovery.DiscoveryClient    : Getting all instance registry info from the eureka server
2025-05-17T02:32:10.495+05:30  INFO 28300 --- [USERSERVICE] [           main] com.netflix.discovery.DiscoveryClient    : The response status is 200
2025-05-17T02:32:10.496+05:30  INFO 28300 --- [USERSERVICE] [           main] com.netflix.discovery.DiscoveryClient    : Starting heartbeat executor: renew interval is: 30
2025-05-17T02:32:10.498+05:30  INFO 28300 --- [USERSERVICE] [           main] c.n.discovery.InstanceInfoReplicator     : InstanceInfoReplicator onDemand update allowed rate per min is 4
2025-05-17T02:32:10.499+05:30  INFO 28300 --- [USERSERVICE] [           main] com.netflix.discovery.DiscoveryClient    : Discovery Client initialized at timestamp 1747429330499 with initial instances count: 0
2025-05-17T02:32:10.506+05:30  INFO 28300 --- [USERSERVICE] [           main] o.s.c.n.e.s.EurekaServiceRegistry        : Registering application USERSERVICE with eureka with status UP
2025-05-17T02:32:10.508+05:30  INFO 28300 --- [USERSERVICE] [           main] com.netflix.discovery.DiscoveryClient    : Saw local status change event StatusChangeEvent [timestamp=1747429330508, current=UP, previous=STARTING]
2025-05-17T02:32:10.511+05:30  INFO 28300 --- [USERSERVICE] [foReplicator-%d] com.netflix.discovery.DiscoveryClient    : DiscoveryClient_USERSERVICE/host.docker.internal:USERSERVICE:8081: registering service...
2025-05-17T02:32:10.536+05:30  INFO 28300 --- [USERSERVICE] [           main] c.a.d.DocManagementApplicationTests      : Started DocManagementApplicationTests in 14.874 seconds (process running for 16.515)
Expired OTPs cleaned at: 2025-05-16T21:02:10.541804500Z
2025-05-17T02:32:10.593+05:30  INFO 28300 --- [USERSERVICE] [foReplicator-%d] com.netflix.discovery.DiscoveryClient    : DiscoveryClient_USERSERVICE/host.docker.internal:USERSERVICE:8081 - registration status: 204
]]></system-out>
  </testcase>
</testsuite>